V: Starting scanning channel
V: Packet send -- Size: 12 Src: 0x4750 Dst: 0x87F8 Id: 176 Type: 1010 Via: 0x87F8 Seq_Id: 32 Num: 1
V: TimeOnAir 49 ms, next message in 4851 ms
T: Deleting packet
T: Deleting packet queue
V: Preamble detected, starting reception... 
T: Packet created with 29 bytes
I: Receiving LoRa packet: Size: 29 bytes RSSI: -27 SNR: 13
V: Size of Received Packets Queue: 1
V: Packet received -- Size: 29 Src: 0x87D8 Dst: 0x4750 Id: 121 Type: 10011 Via: 0x4750 Seq_Id: 35 Num: 1
T: Data packet from 0x87D8, destination 0x4750, via 0x4750
V: Data packet from 0x87D8 for me
V: Large payload Packet received
T: Packet created with 12 bytes
T: Adding packet to Q_SP
T: Created packet to Q_SP
T: Added packet to Q_SP, notifying sender task
V: Joining packets seq_Id: 35 Src: 0x87D8
V: Large Packet Packet length: 25 Payload Size: 17
T: Clearing list configuration Seq_Id: 35 Src: 0x87D8
T: Deleting packet
T: Deleting packet queue
T: LoRaPacket received
T: Queue receiveUserData size: 1
V: {"title":"Received","dataMessage":{"appPortDst":8,"appPortSrc":11,"messageId":37,"addrSrc":34776,"addrDst":18256,"messageSize":14}}
V: {"title":"JSON","dataMessage":{"appPortDst":8,"appPortSrc":11,"messageId":37,"addrSrc":34776,"addrDst":18256,"messageSize":14}}
V: Message length: 205
T: Deleting app packet
T: Sending message to mqtt queue
T: Queue message sent
V: Preamble detected, starting reception... 
T: Packet created with 12 bytes
I: Receiving LoRa packet: Size: 12 bytes RSSI: -98 SNR: -9
V: Size of Received Packets Queue: 1
V: Packet received -- Size: 12 Src: 0x87F8 Dst: 0x4750 Id: 120 Type: 1010011 Via: 0x4750 Seq_Id: 37 Num: 1
T: Data packet from 0x87F8, destination 0x4750, via 0x4750
V: Data packet from 0x87F8 for me
V: Synchronization Packet received
T: Packet created with 12 bytes
T: Adding packet to Q_SP
T: Created packet to Q_SP
T: Added packet to Q_SP, notifying sender task
T: Deleting packet
T: Deleting packet queue
V: Size of Send Packets Queue: 41
V: Send n. 177
V: RandomDelay 2874 ms
V: Preamble detected, starting reception... 
T: Packet created with 12 bytes
I: Receiving LoRa packet: Size: 12 bytes RSSI: -100 SNR: -11
V: Size of Received Packets Queue: 1
V: Packet received -- Size: 12 Src: 0x87F8 Dst: 0x4750 Id: 121 Type: 1010011 Via: 0x4750 Seq_Id: 38 Num: 1
T: Data packet from 0x87F8, destination 0x4750, via 0x4750
V: Data packet from 0x87F8 for me
V: Synchronization Packet received
T: Packet created with 12 bytes
T: Adding packet to Q_SP
T: Created packet to Q_SP
T: Added packet to Q_SP, notifying sender task
T: Deleting packet
T: Deleting packet queue
V: Starting scanning channel
V: Packet send -- Size: 12 Src: 0x4750 Dst: 0x87F8 Id: 177 Type: 1010 Via: 0x87F8 Seq_Id: 36 Num: 0
V: TimeOnAir 49 ms, next message in 4851 ms
T: Deleting packet
T: Deleting packet queue
V: Preamble detected, starting reception... 
T: Packet created with 29 bytes
I: Receiving LoRa packet: Size: 29 bytes RSSI: -98 SNR: -9
V: Size of Received Packets Queue: 1
V: Packet received -- Size: 29 Src: 0x87F8 Dst: 0x4750 Id: 122 Type: 10011 Via: 0x4750 Seq_Id: 35 Num: 1
T: Data packet from 0x87F8, destination 0x4750, via 0x4750
V: Data packet from 0x87F8 for me
V: Large payload Packet received
T: Packet created with 12 bytes
T: Adding packet to Q_SP
T: Created packet to Q_SP
T: Added packet to Q_SP, notifying sender task
V: Joining packets seq_Id: 35 Src: 0x87F8
V: Large Packet Packet length: 25 Payload Size: 17
T: Clearing list configuration Seq_Id: 35 Src: 0x87F8
T: Deleting packet
T: Deleting packet queue
T: LoRaPacket received
T: Queue receiveUserData size: 1
V: {"title":"Received","dataMessage":{"appPortDst":8,"appPortSrc":11,"messageId":35,"addrSrc":34808,"addrDst":18256,"messageSize":14}}
V: {"title":"JSON","dataMessage":{"appPortDst":8,"appPortSrc":11,"messageId":35,"addrSrc":34808,"addrDst":18256,"messageSize":14}}
V: Message length: 178
T: Deleting app packet
V: Size of Send Packets Queue: 42
V: Send n. 178
TV: RandomDelay 3353 : Sending message to mqtt queue
ms
T: Queue message sent
T: Sending message to mqtt
V: Starting scanning channel
V: Packet send -- Size: 12 Src: 0x4750 Dst: 0x87D8 Id: 178 Type: 1010 Via: 0x87D8 Seq_Id: 37 Num: 0
V: TimeOnAir 49 ms, next message in 4851 ms
T: Deleting packet
T: Deleting packet queue
I: Message arrived on topic: from-server/34776
V: {"title":"Received","dataMessage":{"appPortDst":10,"appPortSrc":10,"messageId":0,"addrSrc":0,"addrDst":34776,"messageSize":1}}
V: Message not for me
T: Packet created with 12 bytes
T: Packet created with 16 bytes
T: Adding packet to Q_SP
T: Created packet to Q_SP
T: Added packet to Q_SP, notifying sender task
V: Message sent to services
V: Preamble detected, starting reception... 
T: Packet created with 29 bytes
I: Receiving LoRa packet: Size: 29 bytes RSSI: -27 SNR: 12
V: Size of Received Packets Queue: 1
V: Packet received -- Size: 29 Src: 0x87D8 Dst: 0x4750 Id: 122 Type: 10011 Via: 0x4750 Seq_Id: 37 Num: 1
T: Data packet from 0x87D8, destination 0x4750, via 0x4750
V: Data packet from 0x87D8 for me
V: Large payload Packet received
T: Packet created with 12 bytes
T: Adding packet to Q_SP
T: Created packet to Q_SP
T: Added packet to Q_SP, notifying sender task
V: Joining packets seq_Id: 37 Src: 0x87D8
V: Large Packet Packet length: 25 Payload Size: 17
T: Clearing list configuration Seq_Id: 37 Src: 0x87D8
T: Deleting packet
T: Deleting packet queue
T: LoRaPacket received
T: Queue receiveUserData size: 1
V: {"title":"Received","dataMessage":{"appPortDst":8,"appPortSrc":11,"messageId":39,"addrSrc":34776,"addrDst":18256,"messageSize":14}}
V: {"title":"JSON","dataMessage":{"appPortDst":8,"appPortSrc":11,"messageId":39,"addrSrc":34776,"addrDst":18256,"messageSize":14}}
V: Message length: 178
T: Deleting app packet
T: Sending message to mqtt queue
T: Queue message sent
V: Size of Send Packets Queue: 43
V: Send n. 179
V: RandomDelay 3353 ms
V: Starting scanning channel
V: Packet send -- Size: 12 Src: 0x4750 Dst: 0x87D8 Id: 179 Type: 1010 Via: 0x87D8 Seq_Id: 34 Num: 1
V: TimeOnAir 49 ms, next message in 4851 ms
T: Deleting packet
T: Deleting packet queue
V: Preamble detected, starting reception... 
T: Packet created with 12 bytes
I: Receiving LoRa packet: Size: 12 bytes RSSI: -98 SNR: -9
E: Reading packet data gave error: -7
E: Dht22 reading error
V: {"title":"JSON","dataMessage":{"appPortDst":8,"appPortSrc":11,"messageId":44,"addrSrc":18256,"addrDst":0,"messageSize":14}}
V: Message length: 174
V: Message sent to MQTT
T: Sending message to mqtt queue
T: Queue message sent
V: Size of Send Packets Queue: 42
V: Send n. 180
V: RandomDelay 3353 ms
V: Preamble detected, starting reception... 
T: Packet created with 12 bytes
I: Receiving LoRa packet: Size: 12 bytes RSSI: -27 SNR: 13
V: Size of Received Packets Queue: 1
V: Packet received -- Size: 12 Src: 0x87D8 Dst: 0x4750 Id: 123 Type: 1010011 Via: 0x4750 Seq_Id: 42 Num: 1
T: Data packet from 0x87D8, destination 0x4750, via 0x4750
V: Data packet from 0x87D8 for me
V: Synchronization Packet received
T: Packet created with 12 bytes
T: Adding packet to Q_SP
T: Created packet to Q_SP
T: Added packet to Q_SP, notifying sender task
T: Deleting packet
T: Deleting packet queue
V: Preamble detected, starting reception... 
T: Packet created with 29 bytes
I: Receiving LoRa packet: Size: 29 bytes RSSI: -98 SNR: -9
V: Size of Received Packets Queue: 1
V: Packet received -- Size: 29 Src: 0x87F8 Dst: 0x4750 Id: 124 Type: 10011 Via: 0x4750 Seq_Id: 36 Num: 1
T: Data packet from 0x87F8, destination 0x4750, via 0x4750
V: Data packet from 0x87F8 for me
V: Large payload Packet received
T: Packet created with 12 bytes
T: Adding packet to Q_SP
T: Created packet to Q_SP
T: Added packet to Q_SP, notifying sender task
V: Joining packets seq_Id: 36 Src: 0x87F8
V: Large Packet Packet length: 25 Payload Size: 17
T: Clearing list configuration Seq_Id: 36 Src: 0x87F8
T: Deleting packet
T: Deleting packet queue
T: LoRaPacket received
T: Queue receiveUserData size: 1
V: {"title":"Received","dataMessage":{"appPortDst":8,"appPortSrc":11,"messageId":36,"addrSrc":34808,"addrDst":18256,"messageSize":14}}
V: {"title":"JSON","dataMessage":{"appPortDst":8,"appPortSrc":11,"messageId":36,"addrSrc":34808,"addrDst":18256,"messageSize":14}}
V: Message length: 178
T: Deleting app packet
T: Sending message to mqtt queue
T: Queue message sent
V: Starting scanning channel
V: Packet send -- Size: 12 Src: 0x4750 Dst: 0x87D8 Id: 180 Type: 1010 Via: 0x87D8 Seq_Id: 38 Num: 0
V: TimeOnAir 49 ms, next message in 4851 ms
T: Deleting packet
T: Deleting packet queue
T: Sending message to mqtt
V: Checking routes timeout
V: Current routing table:
V: 0 - 0x87D8 via 0x87D8 metric 1 Role 0
V: 1 - 0x87F8 via 0x87F8 metric 1 Role 0
V: Checking Q_WRP timeouts
W: Timeout reached from Waiting Received Queue, Seq_Id: 33, N.TimeOuts 2
W: Timeout reached from Waiting Received Queue, Seq_Id: 38, N.TimeOuts 1
W: Timeout reached from Waiting Received Queue, Seq_Id: 39, N.TimeOuts 1
W: Timeout reached from Waiting Received Queue, Seq_Id: 37, N.TimeOuts 1
W: Timeout reached from Waiting Received Queue, Seq_Id: 38, N.TimeOuts 1
W: Timeout reached from Waiting Received Queue, Seq_Id: 40, N.TimeOuts 1
W: Timeout reached from Waiting Received Queue, Seq_Id: 41, N.TimeOuts 1
W: Timeout reached from Waiting Received Queue, Seq_Id: 42, N.TimeOuts 1
V: Checking Q_WSP timeouts
W: Timeout reached from Waiting Send Queue, Seq_Id: 5, N.TimeOuts 3
E: MAX TIMEOUTS reached from Waiting Send Queue, erasing Id: 5
T: Clearing list configuration Seq_Id: 5 Src: 0x87D8
T: Deleting packet
T: Deleting packet queue
W: Timeout reached from Waiting Send Queue, Seq_Id: 7, N.TimeOuts 3
E: MAX TIMEOUTS reached from Waiting Send Queue, erasing Id: 7
T: Clearing list configuration Seq_Id: 7 Src: 0x87D8
T: Deleting packet
T: Deleting packet queue
W: Timeout reached from Waiting Send Queue, Seq_Id: 8, N.TimeOuts 1
T: Adding packet to Q_SP
T: Created packet to Q_SP
T: Added packet to Q_SP, notifying sender task
T: Creating Routing Packet
T: Packet created with 16 bytes
T: Adding packet to Q_SP
T: Created packet to Q_SP
T: Added packet to Q_SP, notifying sender task
V: Size of Send Packets Queue: 45
V: Send n. 181
V: RandomDelay 2395 ms
V: Preamble detected, starting reception... 
T: Packet created with 16 bytes
I: Receiving LoRa packet: Size: 16 bytes RSSI: -27 SNR: 13
V: Size of Received Packets Queue: 1
V: Packet received -- Size: 16 Src: 0x87D8 Dst: 0xFFFF Id: 124 Type: 100
V: Route packet from 0x87D8 with size 2
V: Reset Receive SNR from 0x87D8: 13
V: Current routing table:
V: 0 - 0x87D8 via 0x87D8 metric 1 Role 0
V: 1 - 0x87F8 via 0x87F8 metric 1 Role 0
T: Deleting packet
T: Deleting packet queue
V: Starting scanning channel
V: Packet send -- Size: 16 Src: 0x4750 Dst: 0xFFFF Id: 181 Type: 100
V: TimeOnAir 63 ms, next message in 6237 ms
T: Deleting packet
T: Deleting packet queue
V: Size of Send Packets Queue: 44
V: Send n. 182
V: RandomDelay 1916 ms
V: Preamble detected, starting reception... 
T: Packet created with 29 bytes
I: Receiving LoRa packet: Size: 29 bytes RSSI: -27 SNR: 12
V: Size of Received Packets Queue: 1
V: Packet received -- Size: 29 Src: 0x87D8 Dst: 0x4750 Id: 125 Type: 10011 Via: 0x4750 Seq_Id: 38 Num: 1
T: Data packet from 0x87D8, destination 0x4750, via 0x4750
V: Data packet from 0x87D8 for me
V: Large payload Packet received
T: Packet created with 12 bytes
T: Adding packet to Q_SP
T: Created packet to Q_SP
T: Added packet to Q_SP, notifying sender task
V: Joining packets seq_Id: 38 Src: 0x87D8
V: Large Packet Packet length: 25 Payload Size: 17
T: Clearing list configuration Seq_Id: 38 Src: 0x87D8
T: Deleting packet
T: Deleting packet queue
T: LoRaPacket received
T: Queue receiveUserData size: 1
V: {"title":"Received","dataMessage":{"appPortDst":8,"appPortSrc":11,"messageId":40,"addrSrc":34776,"addrDst":18256,"messageSize":14}}
V: {"title":"JSON","dataMessage":{"appPortDst":8,"appPortSrc":11,"messageId":40,"addrSrc":34776,"addrDst":18256,"messageSize":14}}
V: Message length: 205
T: Deleting app packet
T: Sending message to mqtt queue
T: Queue message sent
V: Starting scanning channel
V: Packet send -- Size: 12 Src: 0x4750 Dst: 0x87D8 Id: 182 Type: 1010 Via: 0x87D8 Seq_Id: 39 Num: 0
V: TimeOnAir 49 ms, next message in 4851 ms
T: Deleting packet
T: Deleting packet queue
V: Preamble detected, starting reception... 
T: Packet created with 12 bytes
I: Receiving LoRa packet: Size: 12 bytes RSSI: -98 SNR: -9
V: Size of Received Packets Queue: 1
V: Packet received -- Size: 12 Src: 0x87F8 Dst: 0x4750 Id: 126 Type: 1010011 Via: 0x4750 Seq_Id: 40 Num: 1
T: Data packet from 0x87F8, destination 0x4750, via 0x4750
V: Data packet from 0x87F8 for me
V: Synchronization Packet received
T: Packet created with 12 bytes
T: Adding packet to Q_SP
T: Created packet to Q_SP
T: Added packet to Q_SP, notifying sender task
T: Deleting packet
T: Deleting packet queue
T: Sending message to mqtt
V: Size of Send Packets Queue: 45
V: Send n. 183
V: RandomDelay 479 ms
V: Starting scanning channel
V: Packet send -- Size: 12 Src: 0x4750 Dst: 0x87F8 Id: 183 Type: 1010 Via: 0x87F8 Seq_Id: 37 Num: 0
V: TimeOnAir 49 ms, next message in 4851 ms
T: Deleting packet
T: Deleting packet queue
V: Preamble detected, starting reception... 
T: Packet created with 12 bytes
I: Receiving LoRa packet: Size: 12 bytes RSSI: -99 SNR: -9
V: Size of Received Packets Queue: 1
V: Packet received -- Size: 12 Src: 0x87F8 Dst: 0x4750 Id: 127 Type: 1010011 Via: 0x4750 Seq_Id: 41 Num: 1
T: Data packet from 0x87F8, destination 0x4750, via 0x4750
V: Data packet from 0x87F8 for me
V: Synchronization Packet received
T: Packet created with 12 bytes
T: Adding packet to Q_SP
T: Created packet to Q_SP
T: Added packet to Q_SP, notifying sender task
T: Deleting packet
T: Deleting packet queue
V: Preamble detected, starting reception... 
T: Packet created with 12 bytes
I: Receiving LoRa packet: Size: 12 bytes RSSI: -27 SNR: 12
V: Size of Received Packets Queue: 1
V: Packet received -- Size: 12 Src: 0x87D8 Dst: 0x4750 Id: 126 Type: 1010011 Via: 0x4750 Seq_Id: 39 Num: 1
T: Data packet from 0x87D8, destination 0x4750, via 0x4750
V: Data packet from 0x87D8 for me
V: Synchronization Packet received
T: Packet created with 12 bytes
T: Adding packet to Q_SP
T: Created packet to Q_SP
T: Added packet to Q_SP, notifying sender task
T: Deleting packet
T: Deleting packet queue
V: Size of Send Packets Queue: 46
V: Send n. 184
V: RandomDelay 1437 ms
E: Dht22 reading error
V: {"title":"JSON","dataMessage":{"appPortDst":8,"appPortSrc":11,"messageId":45,"addrSrc":18256,"addrDst":0,"messageSize":14}}
V: Message length: 174
V: Message sent to MQTT
T: Sending message to mqtt queue
T: Queue message sent
V: Starting scanning channel
V: Packet send -- Size: 12 Src: 0x4750 Dst: 0x87D8 Id: 184 Type: 1010 Via: 0x87D8 Seq_Id: 36 Num: 1
V: TimeOnAir 49 ms, next message in 4851 ms
T: Deleting packet
T: Deleting packet queue
I: Message arrived on topic: from-server/34776
V: {"title":"Received","dataMessage":{"appPortDst":10,"appPortSrc":10,"messageId":0,"addrSrc":0,"addrDst":34776,"messageSize":1}}
V: Message not for me
T: Packet created with 12 bytes
T: Packet created with 16 bytes
T: Adding packet to Q_SP
T: Created packet to Q_SP
T: Added packet to Q_SP, notifying sender task
V: Message sent to services
V: Preamble detected, starting reception... 
T: Packet created with 29 bytes
I: Receiving LoRa packet: Size: 29 bytes RSSI: -98 SNR: -9
V: Size of Received Packets Queue: 1
V: Packet received -- Size: 29 Src: 0x87F8 Dst: 0x4750 Id: 128 Type: 10011 Via: 0x4750 Seq_Id: 37 Num: 1
T: Data packet from 0x87F8, destination 0x4750, via 0x4750
V: Data packet from 0x87F8 for me
V: Large payload Packet received
T: Packet created with 12 bytes
T: Adding packet to Q_SP
T: Created packet to Q_SP
T: Added packet to Q_SP, notifying sender task
V: Joining packets seq_Id: 37 Src: 0x87F8
V: Large Packet Packet length: 25 Payload Size: 17
T: Clearing list configuration Seq_Id: 37 Src: 0x87F8
T: Deleting packet
T: Deleting packet queue
T: LoRaPacket received
T: Queue receiveUserData size: 1
V: {"title":"Received","dataMessage":{"appPortDst":8,"appPortSrc":11,"messageId":37,"addrSrc":34808,"addrDst":18256,"messageSize":14}}
V: {"title":"JSON","dataMessage":{"appPortDst":8,"appPortSrc":11,"messageId":37,"addrSrc":34808,"addrDst":18256,"messageSize":14}}
V: Message length: 202
T: Deleting app packet
T: Sending message to mqtt queue
T: Queue message sent
V: Size of Send Packets Queue: 47
V: Send n. 185
V: RandomDelay 4311 ms
V: Preamble detected, starting reception... 
T: Packet created with 12 bytes
I: Receiving LoRa packet: Size: 12 bytes RSSI: -27 SNR: 12
V: Size of Received Packets Queue: 1
V: Packet received -- Size: 12 Src: 0x87D8 Dst: 0x4750 Id: 127 Type: 1010011 Via: 0x4750 Seq_Id: 40 Num: 1
T: Data packet from 0x87D8, destination 0x4750, via 0x4750
V: Data packet from 0x87D8 for me
V: Synchronization Packet received
T: Packet created with 12 bytes
T: Adding packet to Q_SP
T: Created packet to Q_SP
T: Added packet to Q_SP, notifying sender task
T: Deleting packet
T: Deleting packet queue
V: Starting scanning channel
V: Packet send -- Size: 12 Src: 0x4750 Dst: 0x87F8 Id: 185 Type: 1010 Via: 0x87F8 Seq_Id: 38 Num: 0
V: TimeOnAir 49 ms, next message in 4851 ms
T: Deleting packet
T: Deleting packet queue
T: Sending message to mqtt
V: Preamble detected, starting reception... 
T: Packet created with 12 bytes
I: Receiving LoRa packet: Size: 12 bytes RSSI: -27 SNR: 12
V: Size of Received Packets Queue: 1
V: Packet received -- Size: 12 Src: 0x87D8 Dst: 0x4750 Id: 128 Type: 1010011 Via: 0x4750 Seq_Id: 41 Num: 1
T: Data packet from 0x87D8, destination 0x4750, via 0x4750
V: Data packet from 0x87D8 for me
V: Synchronization Packet received
T: Packet created with 12 bytes
T: Adding packet to Q_SP
T: Created packet to Q_SP
T: Added packet to Q_SP, notifying sender task
T: Deleting packet
T: Deleting packet queue
V: Size of Send Packets Queue: 48
V: Send n. 186
V: RandomDelay 479 ms
V: Starting scanning channel
V: Packet send -- Size: 12 Src: 0x4750 Dst: 0x87F8 Id: 186 Type: 1010 Via: 0x87F8 Seq_Id: 34 Num: 1
V: TimeOnAir 49 ms, next message in 4851 ms
T: Deleting packet
T: Deleting packet queue
V: Size of Send Packets Queue: 47
V: Send n. 187
V: RandomDelay 3353 ms
V: Preamble detected, starting reception... 
T: Packet created with 12 bytes
I: Receiving LoRa packet: Size: 12 bytes RSSI: -27 SNR: 12
V: Size of Received Packets Queue: 1
V: Packet received -- Size: 12 Src: 0x87D8 Dst: 0x4750 Id: 129 Type: 1010011 Via: 0x4750 Seq_Id: 42 Num: 1
T: Data packet from 0x87D8, destination 0x4750, via 0x4750
V: Data packet from 0x87D8 for me
V: Synchronization Packet received
T: Packet created with 12 bytes
T: Adding packet to Q_SP
T: Created packet to Q_SP
T: Added packet to Q_SP, notifying sender task
T: Deleting packet
T: Deleting packet queue
V: Starting scanning channel
V: Packet send -- Size: 12 Src: 0x4750 Dst: 0x87D8 Id: 187 Type: 1010 Via: 0x87D8 Seq_Id: 40 Num: 0
V: TimeOnAir 49 ms, next message in 4851 ms
T: Deleting packet
T: Deleting packet queue
V: Preamble detected, starting reception... 
T: Packet created with 12 bytes
I: Receiving LoRa packet: Size: 12 bytes RSSI: -98 SNR: -9
V: Size of Received Packets Queue: 1
V: Packet received -- Size: 12 Src: 0x87F8 Dst: 0x4750 Id: 130 Type: 1010011 Via: 0x4750 Seq_Id: 42 Num: 1
T: Data packet from 0x87F8, destination 0x4750, via 0x4750
V: Data packet from 0x87F8 for me
V: Synchronization Packet received
T: Packet created with 12 bytes
T: Adding packet to Q_SP
T: Created packet to Q_SP
T: Added packet to Q_SP, notifying sender task
T: Deleting packet
T: Deleting packet queue
V: Size of Send Packets Queue: 48
V: Send n. 188
V: RandomDelay 958 ms
V: Starting scanning channel
V: Packet send -- Size: 16 Src: 0x4750 Dst: 0xFFFF Id: 188 Type: 100
V: TimeOnAir 63 ms, next message in 6237 ms
T: Deleting packet
T: Deleting packet queue
V: Preamble detected, starting reception... 
T: Packet created with 29 bytes
I: Receiving LoRa packet: Size: 29 bytes RSSI: -27 SNR: 12
V: Size of Received Packets Queue: 1
V: Packet received -- Size: 29 Src: 0x87D8 Dst: 0x4750 Id: 130 Type: 10011 Via: 0x4750 Seq_Id: 39 Num: 1
T: Data packet from 0x87D8, destination 0x4750, via 0x4750
V: Data packet from 0x87D8 for me
V: Large payload Packet received
T: Packet created with 12 bytes
T: Adding packet to Q_SP
T: Created packet to Q_SP
T: Added packet to Q_SP, notifying sender task
V: Joining packets seq_Id: 39 Src: 0x87D8
V: Large Packet Packet length: 25 Payload Size: 17
T: Clearing list configuration Seq_Id: 39 Src: 0x87D8
T: Deleting packet
T: Deleting packet queue
T: LoRaPacket received
T: Queue receiveUserData size: 1
V: {"title":"Received","dataMessage":{"appPortDst":8,"appPortSrc":11,"messageId":41,"addrSrc":34776,"addrDst":18256,"messageSize":14}}
V: {"title":"JSON","dataMessage":{"appPortDst":8,"appPortSrc":11,"messageId":41,"addrSrc":34776,"addrDst":18256,"messageSize":14}}
V: Message length: 203
T: Deleting app packet
T: Sending message to mqtt queue
T: Queue message sent
E: Dht22 reading error
V: {"title":"JSON","dataMessage":{"appPortDst":8,"appPortSrc":11,"messageId":46,"addrSrc":18256,"addrDst":0,"messageSize":14}}
V: Message length: 174
